#
# There is insufficient memory for the Java Runtime Environment to continue.
# Native memory allocation (mmap) failed to map 257949696 bytes for Failed to commit area from 0x000000070a000000 to 0x0000000719600000 of length 257949696.
# Possible reasons:
#   The system is out of physical RAM or swap space
#   The process is running with CompressedOops enabled, and the Java Heap may be blocking the growth of the native heap
# Possible solutions:
#   Reduce memory load on the system
#   Increase physical memory or swap space
#   Check if swap backing store is full
#   Decrease Java heap size (-Xmx/-Xms)
#   Decrease number of Java threads
#   Decrease Java thread stack sizes (-Xss)
#   Set larger code cache with -XX:ReservedCodeCacheSize=
# This output file may be truncated or incomplete.
#
#  Out of Memory Error (src/hotspot/os/windows/os_windows.cpp:3627), pid=16152, tid=18456
#
# JRE version:  (11.0.15) (build )
# Java VM: OpenJDK 64-Bit Server VM (11.0.15+0-b2043.56-9505619, mixed mode, sharing, tiered, compressed oops, g1 gc, windows-amd64)
# No core dump will be written. Minidumps are not enabled by default on client versions of Windows
#

---------------  S U M M A R Y ------------

Command Line: -Dfile.encoding=utf8 c:\Users\murod\.vscode\extensions\vscjava.vscode-gradle-3.12.7\lib\gradle-language-server.jar

Host: AMD Ryzen 5 4600H with Radeon Graphics         , 12 cores, 15G,  Windows 11 , 64 bit Build 22621 (10.0.22621.1485)
Time: Mon May  8 13:22:32 2023 Turkey Standard Time elapsed time: 0.037631 seconds (0d 0h 0m 0s)

---------------  T H R E A D  ---------------

Current thread (0x0000015c6fc5f000):  JavaThread "Unknown thread" [_thread_in_vm, id=18456, stack(0x0000005b1e300000,0x0000005b1e400000)]

Stack: [0x0000005b1e300000,0x0000005b1e400000]
Native frames: (J=compiled Java code, j=interpreted, Vv=VM code, C=native code)
V  [jvm.dll+0x64135a]
V  [jvm.dll+0x7d39f9]
V  [jvm.dll+0x7d51b9]
V  [jvm.dll+0x7d58a3]
V  [jvm.dll+0x2691c5]
V  [jvm.dll+0x63e4e9]
V  [jvm.dll+0x632985]
V  [jvm.dll+0x3231ac]
V  [jvm.dll+0x323032]
V  [jvm.dll+0x327c06]
V  [jvm.dll+0x36ffa2]
V  [jvm.dll+0x36fa01]
V  [jvm.dll+0x2fea28]
V  [jvm.dll+0x2ffb25]
V  [jvm.dll+0x7accd7]
V  [jvm.dll+0x7ae49f]
V  [jvm.dll+0x37d299]
V  [jvm.dll+0x78ef9f]
V  [jvm.dll+0x3ec847]
V  [jvm.dll+0x3eed31]
C  [jli.dll+0x52cb]
C  [ucrtbase.dll+0x29363]
C  [KERNEL32.DLL+0x1269d]
C  [ntdll.dll+0x5a9f8]


---------------  P R O C E S S  ---------------

Threads class SMR info:
_java_thread_list=0x0000015c6d9b5ce0, length=0, elements={
}

Java Threads: ( => current thread )

Other Threads:
  0x0000015c6fc76800 GCTaskThread "GC Thread#0" [stack: 0x0000005b1e400000,0x0000005b1e500000] [id=18000]
  0x0000015c6fcd2000 ConcurrentGCThread "G1 Main Marker" [stack: 0x0000005b1e500000,0x0000005b1e600000] [id=3968]
  0x0000015c6fcd3800 ConcurrentGCThread "G1 Conc#0" [stack: 0x0000005b1e600000,0x0000005b1e700000] [id=1660]

[error occurred during error reporting (printing all threads), id 0xc0000005, EXCEPTION_ACCESS_VIOLATION (0xc0000005) at pc=0x00007ffb5e41f3e7]

VM state:not at safepoint (not fully initialized)

VM Mutex/Monitor currently owned by a thread:  ([mutex/lock_event])
[0x0000015c6fc5bbb0] Heap_lock - owner thread: 0x0000015c6fc5f000

Heap address: 0x000000070a000000, size: 3936 MB, Compressed Oops mode: Non-zero based: 0x000000070a000000
Narrow klass base: 0x0000000000000000, Narrow klass shift: 0

GC Heap History (0 events):
No events

Deoptimization events (0 events):
No events

Classes redefined (0 events):
No events

Internal exceptions (0 events):
No events

Events (1 events):
Event: 0.021 Loaded shared library C:\Program Files\Android\Android Studio\jbr\bin\zip.dll


Dynamic libraries:
0x00007ff73d110000 - 0x00007ff73d11a000 	C:\Program Files\Android\Android Studio\jbr\bin\java.exe
0x00007ffbd4c10000 - 0x00007ffbd4e24000 	C:\WINDOWS\SYSTEM32\ntdll.dll
0x00007ffbd30b0000 - 0x00007ffbd3172000 	C:\WINDOWS\System32\KERNEL32.DLL
0x00007ffbd2380000 - 0x00007ffbd271c000 	C:\WINDOWS\System32\KERNELBASE.dll
0x00007ffbd27e0000 - 0x00007ffbd28f1000 	C:\WINDOWS\System32\ucrtbase.dll
0x00007ffb9f260000 - 0x00007ffb9f27b000 	C:\Program Files\Android\Android Studio\jbr\bin\VCRUNTIME140.dll
0x00007ffb9f6e0000 - 0x00007ffb9f6f7000 	C:\Program Files\Android\Android Studio\jbr\bin\jli.dll
0x00007ffbd3280000 - 0x00007ffbd342b000 	C:\WINDOWS\System32\USER32.dll
0x00007ffbd2900000 - 0x00007ffbd2926000 	C:\WINDOWS\System32\win32u.dll
0x00007ffbd3970000 - 0x00007ffbd3999000 	C:\WINDOWS\System32\GDI32.dll
0x00007ffbc3ea0000 - 0x00007ffbc412e000 	C:\WINDOWS\WinSxS\amd64_microsoft.windows.common-controls_6595b64144ccf1df_6.0.22621.608_none_a9444ca7c10bb01d\COMCTL32.dll
0x00007ffbd2b00000 - 0x00007ffbd2ba7000 	C:\WINDOWS\System32\msvcrt.dll
0x00007ffbd2260000 - 0x00007ffbd2373000 	C:\WINDOWS\System32\gdi32full.dll
0x00007ffbd2050000 - 0x00007ffbd20ea000 	C:\WINDOWS\System32\msvcp_win.dll
0x00007ffbd2a20000 - 0x00007ffbd2a51000 	C:\WINDOWS\System32\IMM32.DLL
0x00007ffbb9d90000 - 0x00007ffbb9d9c000 	C:\Program Files\Android\Android Studio\jbr\bin\vcruntime140_1.dll
0x00007ffb8c830000 - 0x00007ffb8c8bd000 	C:\Program Files\Android\Android Studio\jbr\bin\msvcp140.dll
0x00007ffb5e110000 - 0x00007ffb5eccc000 	C:\Program Files\Android\Android Studio\jbr\bin\server\jvm.dll
0x00007ffbd4080000 - 0x00007ffbd412e000 	C:\WINDOWS\System32\ADVAPI32.dll
0x00007ffbd42b0000 - 0x00007ffbd4354000 	C:\WINDOWS\System32\sechost.dll
0x00007ffbd35f0000 - 0x00007ffbd3707000 	C:\WINDOWS\System32\RPCRT4.dll
0x00007ffbd2a60000 - 0x00007ffbd2a68000 	C:\WINDOWS\System32\PSAPI.DLL
0x00007ffbc42f0000 - 0x00007ffbc42f9000 	C:\WINDOWS\SYSTEM32\WSOCK32.dll
0x00007ffbd2f40000 - 0x00007ffbd2fb1000 	C:\WINDOWS\System32\WS2_32.dll
0x00007ffbca1b0000 - 0x00007ffbca1e4000 	C:\WINDOWS\SYSTEM32\WINMM.dll
0x00007ffbca570000 - 0x00007ffbca57a000 	C:\WINDOWS\SYSTEM32\VERSION.dll
0x00007ffbd1020000 - 0x00007ffbd1038000 	C:\WINDOWS\SYSTEM32\kernel.appcore.dll
0x00007ffbbf440000 - 0x00007ffbbf450000 	C:\Program Files\Android\Android Studio\jbr\bin\verify.dll
0x00007ffbc62d0000 - 0x00007ffbc64fe000 	C:\WINDOWS\SYSTEM32\DBGHELP.DLL
0x00007ffbd2bb0000 - 0x00007ffbd2f39000 	C:\WINDOWS\System32\combase.dll
0x00007ffbd31a0000 - 0x00007ffbd3277000 	C:\WINDOWS\System32\OLEAUT32.dll
0x00007ffbb8e20000 - 0x00007ffbb8e52000 	C:\WINDOWS\SYSTEM32\dbgcore.DLL
0x00007ffbd29a0000 - 0x00007ffbd2a1b000 	C:\WINDOWS\System32\bcryptPrimitives.dll
0x00007ffbade80000 - 0x00007ffbadea8000 	C:\Program Files\Android\Android Studio\jbr\bin\java.dll
0x00007ffbbf000000 - 0x00007ffbbf00a000 	C:\Program Files\Android\Android Studio\jbr\bin\jimage.dll
0x00007ffbb91c0000 - 0x00007ffbb91d8000 	C:\Program Files\Android\Android Studio\jbr\bin\zip.dll

dbghelp: loaded successfully - version: 4.0.5 - missing functions: none
symbol engine: initialized successfully - sym options: 0x614 - pdb path: .;C:\Program Files\Android\Android Studio\jbr\bin;C:\WINDOWS\SYSTEM32;C:\WINDOWS\WinSxS\amd64_microsoft.windows.common-controls_6595b64144ccf1df_6.0.22621.608_none_a9444ca7c10bb01d;C:\Program Files\Android\Android Studio\jbr\bin\server

VM Arguments:
jvm_args: -Dfile.encoding=utf8 
java_command: c:\Users\murod\.vscode\extensions\vscjava.vscode-gradle-3.12.7\lib\gradle-language-server.jar
java_class_path (initial): c:\Users\murod\.vscode\extensions\vscjava.vscode-gradle-3.12.7\lib\gradle-language-server.jar
Launcher Type: SUN_STANDARD

[Global flags]
     intx CICompilerCount                          = 4                                         {product} {ergonomic}
     uint ConcGCThreads                            = 3                                         {product} {ergonomic}
     uint G1ConcRefinementThreads                  = 10                                        {product} {ergonomic}
   size_t G1HeapRegionSize                         = 1048576                                   {product} {ergonomic}
    uintx GCDrainStackTargetSize                   = 64                                        {product} {ergonomic}
   size_t InitialHeapSize                          = 257949696                                 {product} {ergonomic}
   size_t MarkStackSize                            = 4194304                                   {product} {ergonomic}
   size_t MaxHeapSize                              = 4127195136                                {product} {ergonomic}
   size_t MinHeapDeltaBytes                        = 1048576                                   {product} {ergonomic}
    uintx NonNMethodCodeHeapSize                   = 5836300                                {pd product} {ergonomic}
    uintx NonProfiledCodeHeapSize                  = 122910970                              {pd product} {ergonomic}
    uintx ProfiledCodeHeapSize                     = 122910970                              {pd product} {ergonomic}
    uintx ReservedCodeCacheSize                    = 251658240                              {pd product} {ergonomic}
     bool SegmentedCodeCache                       = true                                      {product} {ergonomic}
     bool UseCompressedClassPointers               = true                                 {lp64_product} {ergonomic}
     bool UseCompressedOops                        = true                                 {lp64_product} {ergonomic}
     bool UseG1GC                                  = true                                      {product} {ergonomic}
     bool UseLargePagesIndividualAllocation        = false                                  {pd product} {ergonomic}

Logging:
Log output configuration:
 #0: stdout all=warning uptime,level,tags
 #1: stderr all=off uptime,level,tags

Environment Variables:
JAVA_HOME=C:/Program Files/Android/Android Studio/jbr
PATH=C:\Python311\Scripts\;C:\Python311\;C:\Program Files\Common Files\Oracle\Java\javapath;C:\Program Files (x86)\Common Files\Oracle\Java\javapath;C:\ProgramData\Oracle\Java\javapath;C:\Windows\system32;C:\Windows;C:\Windows\System32\Wbem;C:\Windows\System32\WindowsPowerShell\v1.0\;C:\Windows\System32\OpenSSH\;C:\Program Files (x86)\NVIDIA Corporation\PhysX\Common;C:\Program Files\NVIDIA Corporation\NVIDIA NvDLISR;C:\Program Files (x86)\AMD\ATI.ACE\Core-Static;C:\Program Files\Git\cmd;C:\WINDOWS\system32;C:\WINDOWS;C:\WINDOWS\System32\Wbem;C:\WINDOWS\System32\WindowsPowerShell\v1.0\;C:\WINDOWS\System32\OpenSSH\;C:\Program Files\dotnet\;C:\Users\murod\AppData\Local\Android\Sdk\platform-tools;C:\src\dart-sdk\bin;C:\src\flutter\bin;C:\Program Files\nodejs\;C:\ProgramData\chocolatey\bin;C:\Users\murod\AppData\Local\Android\Sdk\cmdline-tools\latest\bin;C:\Users\murod\AppData\Local\Android\Sdk\emulator;C:\Users\murod\AppData\Local\Android\Sdk\build-tools;C:\Gradle\gradle-8.0.2\bin;C:\Users\murod\AppData\Local\Android\Sdk\tools;C:\Users\murod\AppData\Local\Microsoft\WindowsApps;C:\Users\murod\AppData\Roaming\npm;;C:\Users\murod\AppData\Local\Programs\Microsoft VS Code\bin
USERNAME=murod
OS=Windows_NT
PROCESSOR_IDENTIFIER=AMD64 Family 23 Model 96 Stepping 1, AuthenticAMD



---------------  S Y S T E M  ---------------

OS: Windows 11 , 64 bit Build 22621 (10.0.22621.1485)
OS uptime: 1 days 18:20 hours
Hyper-V role detected

CPU:total 12 (initial active 12) (12 cores per cpu, 2 threads per core) family 23 model 96 stepping 1 microcode 0x0, cmov, cx8, fxsr, mmx, sse, sse2, sse3, ssse3, sse4.1, sse4.2, popcnt, avx, avx2, aes, clmul, mmxext, 3dnowpref, lzcnt, sse4a, ht, tsc, tscinvbit, tscinv, bmi1, bmi2, adx, sha, fma

Memory: 4k page, system-wide physical 15741M (712M free)
TotalPageFile size 23741M (AvailPageFile size 38M)
current process WorkingSet (physical memory assigned to process): 11M, peak: 11M
current process commit charge ("private bytes"): 64M, peak: 310M

vm_info: OpenJDK 64-Bit Server VM (11.0.15+0-b2043.56-9505619) for windows-amd64 JRE (11.0.15+0-b2043.56-9505619), built on Jan 19 2023 02:48:00 by "builduser" with unknown MS VC++:1929

END.
